<?xml version="1.0" encoding="UTF-8"?>
<!-- Generated by org.testng.reporters.JUnitXMLReporter -->
<testsuite ignored="0" hostname="WKWZTM9I3NOYYFS" failures="0" tests="4" name="Test" time="11.285" errors="0" timestamp="2024-05-08T19:38:32 IST">
  <testcase classname="Framework.Tests.FilterFunctionality" name="@BeforeMethod beforeMethod" time="0.308">
    <failure type="org.openqa.selenium.NoSuchSessionException" message="invalid session id
Build info: version: &amp;apos;3.141.59&amp;apos;, revision: &amp;apos;e82be7d358&amp;apos;, time: &amp;apos;2018-11-14T08:17:03&amp;apos;
System info: host: &amp;apos;WKWZTM9I3NOYYFS&amp;apos;, ip: &amp;apos;192.168.1.3&amp;apos;, os.name: &amp;apos;Windows 11&amp;apos;, os.arch: &amp;apos;amd64&amp;apos;, os.version: &amp;apos;10.0&amp;apos;, java.version: &amp;apos;17.0.4.1&amp;apos;
Driver info: org.openqa.selenium.chrome.ChromeDriver
Capabilities {acceptInsecureCerts: false, browserName: chrome, browserVersion: 124.0.6367.119, chrome: {chromedriverVersion: 124.0.6367.155 (df4f029328b..., userDataDir: C:\Users\tumkiran\AppData\L...}, fedcm:accounts: true, goog:chromeOptions: {debuggerAddress: localhost:62667}, javascriptEnabled: true, networkConnectionEnabled: false, pageLoadStrategy: normal, platform: WINDOWS, platformName: WINDOWS, proxy: Proxy(), setWindowRect: true, strictFileInteractability: false, timeouts: {implicit: 0, pageLoad: 300000, script: 30000}, unhandledPromptBehavior: dismiss and notify, webauthn:extension:credBlob: true, webauthn:extension:largeBlob: true, webauthn:extension:minPinLength: true, webauthn:extension:prf: true, webauthn:virtualAuthenticators: true}
Session ID: bf89f3251ef5174f82f49a11db66e1c7
*** Element info: {Using=xpath, value=//input[@data-test=&amp;apos;username&amp;apos;]}">
      <![CDATA[org.openqa.selenium.NoSuchSessionException: invalid session id
Build info: version: '3.141.59', revision: 'e82be7d358', time: '2018-11-14T08:17:03'
System info: host: 'WKWZTM9I3NOYYFS', ip: '192.168.1.3', os.name: 'Windows 11', os.arch: 'amd64', os.version: '10.0', java.version: '17.0.4.1'
Driver info: org.openqa.selenium.chrome.ChromeDriver
Capabilities {acceptInsecureCerts: false, browserName: chrome, browserVersion: 124.0.6367.119, chrome: {chromedriverVersion: 124.0.6367.155 (df4f029328b..., userDataDir: C:\Users\tumkiran\AppData\L...}, fedcm:accounts: true, goog:chromeOptions: {debuggerAddress: localhost:62667}, javascriptEnabled: true, networkConnectionEnabled: false, pageLoadStrategy: normal, platform: WINDOWS, platformName: WINDOWS, proxy: Proxy(), setWindowRect: true, strictFileInteractability: false, timeouts: {implicit: 0, pageLoad: 300000, script: 30000}, unhandledPromptBehavior: dismiss and notify, webauthn:extension:credBlob: true, webauthn:extension:largeBlob: true, webauthn:extension:minPinLength: true, webauthn:extension:prf: true, webauthn:virtualAuthenticators: true}
Session ID: bf89f3251ef5174f82f49a11db66e1c7
*** Element info: {Using=xpath, value=//input[@data-test='username']}
at org.openqa.selenium.remote.http.W3CHttpResponseCodec.createException(W3CHttpResponseCodec.java:187)
at org.openqa.selenium.remote.http.W3CHttpResponseCodec.decode(W3CHttpResponseCodec.java:122)
at org.openqa.selenium.remote.http.W3CHttpResponseCodec.decode(W3CHttpResponseCodec.java:49)
at org.openqa.selenium.remote.HttpCommandExecutor.execute(HttpCommandExecutor.java:158)
at org.openqa.selenium.remote.service.DriverCommandExecutor.execute(DriverCommandExecutor.java:83)
at org.openqa.selenium.remote.RemoteWebDriver.execute(RemoteWebDriver.java:552)
at org.openqa.selenium.remote.RemoteWebDriver.findElement(RemoteWebDriver.java:323)
at org.openqa.selenium.remote.RemoteWebDriver.findElementByXPath(RemoteWebDriver.java:428)
at org.openqa.selenium.By$ByXPath.findElement(By.java:353)
at org.openqa.selenium.remote.RemoteWebDriver.findElement(RemoteWebDriver.java:315)
at org.openqa.selenium.support.pagefactory.DefaultElementLocator.findElement(DefaultElementLocator.java:69)
at org.openqa.selenium.support.pagefactory.internal.LocatingElementHandler.invoke(LocatingElementHandler.java:38)
at jdk.proxy2/jdk.proxy2.$Proxy17.sendKeys(Unknown Source)
at Framework.PageObjects.LoginPO.acceptData(LoginPO.java:41)
at Framework.FunctionLibrary.LoginLib.enterData(LoginLib.java:17)
at Framework.Tests.FilterFunctionality.beforeMethod(FilterFunctionality.java:76)
at java.base/java.util.ArrayList.forEach(ArrayList.java:1511)
... Removed 36 stack frames]]>
    </failure>
  </testcase> <!-- @BeforeMethod beforeMethod -->
  <testcase classname="Framework.Tests.FilterFunctionality" name="@AfterMethod getResult" time="-1.715177312477E9">
    <skipped/>
  </testcase> <!-- @AfterMethod getResult -->
  <testcase classname="Framework.Tests.FilterFunctionality" name="@BeforeMethod beforeMethod" time="-1.71517731248E9">
    <skipped/>
  </testcase> <!-- @BeforeMethod beforeMethod -->
  <testcase classname="Framework.Tests.FilterFunctionality" name="@AfterMethod getResult" time="-1.715177312486E9">
    <skipped/>
  </testcase> <!-- @AfterMethod getResult -->
  <testcase classname="Framework.Tests.FilterFunctionality" name="@BeforeMethod beforeMethod" time="-1.715177312488E9">
    <skipped/>
  </testcase> <!-- @BeforeMethod beforeMethod -->
  <testcase classname="Framework.Tests.FilterFunctionality" name="@AfterMethod getResult" time="-1.715177312493E9">
    <skipped/>
  </testcase> <!-- @AfterMethod getResult -->
  <testcase classname="Framework.Tests.FilterFunctionality" name="@AfterClass tearDown" time="-1.715177312496E9">
    <skipped/>
  </testcase> <!-- @AfterClass tearDown -->
  <testcase classname="Framework.Tests.FilterFunctionality" name="FilterFromPriceHighToLow" time="7.148"/>
  <testcase classname="Framework.Tests.FilterFunctionality" name="FilterFromPriceLowToHigh" time="0.0">
    <skipped/>
  </testcase> <!-- FilterFromPriceLowToHigh -->
  <testcase classname="Framework.Tests.FilterFunctionality" name="FilterFunctionalityForATOZ" time="0.0">
    <skipped/>
  </testcase> <!-- FilterFunctionalityForATOZ -->
  <testcase classname="Framework.Tests.FilterFunctionality" name="FilterFunctionalityForZTOA" time="0.0">
    <skipped/>
  </testcase> <!-- FilterFunctionalityForZTOA -->
</testsuite> <!-- Test -->
